<?xml version="1.0" encoding="UTF-8"?>
<robot generator="Robot 6.0.2 (Python 3.10.4 on win32)" generated="20230602 15:40:45.305" rpa="false" schemaversion="3">
<suite id="s1" name="Project 4" source="C:\Users\soyeb\PycharmProjects\Projects_Assignment\Projects\project_4.robot">
<test id="s1-t1" name="Booking_flight_tab" line="7">
<kw name="Open Browser" library="SeleniumLibrary">
<arg>${url}</arg>
<arg>${browser}</arg>
<doc>Opens a new browser instance to the optional ``url``.</doc>
<msg timestamp="20230602 15:40:45.868" level="INFO">Opening browser 'chrome' to base url 'https://www.booking.com/'.</msg>
<status status="PASS" starttime="20230602 15:40:45.866" endtime="20230602 15:41:17.432"/>
</kw>
<kw name="Maximize Browser Window" library="SeleniumLibrary">
<doc>Maximizes current browser window.</doc>
<status status="PASS" starttime="20230602 15:41:17.432" endtime="20230602 15:41:17.995"/>
</kw>
<kw name="Set Browser Implicit Wait" library="SeleniumLibrary">
<arg>10</arg>
<doc>Sets the implicit wait value used by Selenium.</doc>
<status status="PASS" starttime="20230602 15:41:17.997" endtime="20230602 15:41:18.023"/>
</kw>
<kw name="Click Element" library="SeleniumLibrary">
<arg>xpath://*[name()='path' and contains(@d,'M13.31 12l')]</arg>
<doc>Click the element identified by ``locator``.</doc>
<msg timestamp="20230602 15:41:18.028" level="INFO">Clicking element 'xpath://*[name()='path' and contains(@d,'M13.31 12l')]'.</msg>
<status status="PASS" starttime="20230602 15:41:18.024" endtime="20230602 15:41:18.739"/>
</kw>
<kw name="Click Element" library="SeleniumLibrary">
<arg>link:Flights</arg>
<doc>Click the element identified by ``locator``.</doc>
<msg timestamp="20230602 15:41:18.749" level="INFO">Clicking element 'link:Flights'.</msg>
<status status="PASS" starttime="20230602 15:41:18.745" endtime="20230602 15:43:00.196"/>
</kw>
<kw name="Click Element" library="SeleniumLibrary">
<arg>xpath://label[@for='search_type_option_ONEWAY']//span[@class='InputRadio-module__field___4Jbyo']</arg>
<doc>Click the element identified by ``locator``.</doc>
<msg timestamp="20230602 15:43:00.199" level="INFO">Clicking element 'xpath://label[@for='search_type_option_ONEWAY']//span[@class='InputRadio-module__field___4Jbyo']'.</msg>
<status status="PASS" starttime="20230602 15:43:00.198" endtime="20230602 15:43:00.401"/>
</kw>
<kw name="Click Element" library="SeleniumLibrary">
<arg>xpath://span[normalize-space()='1 adult']</arg>
<doc>Click the element identified by ``locator``.</doc>
<msg timestamp="20230602 15:43:00.401" level="INFO">Clicking element 'xpath://span[normalize-space()='1 adult']'.</msg>
<status status="PASS" starttime="20230602 15:43:00.401" endtime="20230602 15:43:00.531"/>
</kw>
<kw name="Click Element" library="SeleniumLibrary">
<arg>xpath://div[@class='css-13o7eu2']//button[2]//span[1]//span[1]//*[name()='svg']</arg>
<doc>Click the element identified by ``locator``.</doc>
<msg timestamp="20230602 15:43:00.531" level="INFO">Clicking element 'xpath://div[@class='css-13o7eu2']//button[2]//span[1]//span[1]//*[name()='svg']'.</msg>
<status status="PASS" starttime="20230602 15:43:00.531" endtime="20230602 15:43:00.701"/>
</kw>
<kw name="Click Element" library="SeleniumLibrary">
<arg>xpath://div[@id='__bui-8']//div[2]//div[1]//div[2]//button[2]//span[1]//span[1]//*[name()='svg']//*[name()='path' and contains(@d,'M20.25 11.')]</arg>
<doc>Click the element identified by ``locator``.</doc>
<msg timestamp="20230602 15:43:00.701" level="INFO">Clicking element 'xpath://div[@id='__bui-8']//div[2]//div[1]//div[2]//button[2]//span[1]//span[1]//*[name()='svg']//*[name()='path' and contains(@d,'M20.25 11.')]'.</msg>
<status status="PASS" starttime="20230602 15:43:00.701" endtime="20230602 15:43:00.852"/>
</kw>
<kw name="Sleep" library="BuiltIn">
<arg>3</arg>
<doc>Pauses the test executed for the given time.</doc>
<msg timestamp="20230602 15:43:03.859" level="INFO">Slept 3 seconds</msg>
<status status="PASS" starttime="20230602 15:43:00.852" endtime="20230602 15:43:03.860"/>
</kw>
<kw name="Select From List By Value" library="SeleniumLibrary">
<arg>name:sr_occupancy_children_age_0</arg>
<arg>8</arg>
<doc>Selects options from selection list ``locator`` by ``values``.</doc>
<msg timestamp="20230602 15:43:03.870" level="INFO">Selecting options from selection list 'name:sr_occupancy_children_age_0' by value 8.</msg>
<status status="PASS" starttime="20230602 15:43:03.863" endtime="20230602 15:43:04.309"/>
</kw>
<kw name="Click Element" library="SeleniumLibrary">
<arg>xpath://span[normalize-space()='Done']</arg>
<doc>Click the element identified by ``locator``.</doc>
<msg timestamp="20230602 15:43:04.310" level="INFO">Clicking element 'xpath://span[normalize-space()='Done']'.</msg>
<status status="PASS" starttime="20230602 15:43:04.309" endtime="20230602 15:43:04.471"/>
</kw>
<kw name="Click Element" library="SeleniumLibrary">
<arg>xpath://div[@class='css-lgj0h8']//button[1]</arg>
<doc>Click the element identified by ``locator``.</doc>
<msg timestamp="20230602 15:43:04.471" level="INFO">Clicking element 'xpath://div[@class='css-lgj0h8']//button[1]'.</msg>
<status status="PASS" starttime="20230602 15:43:04.471" endtime="20230602 15:43:04.772"/>
</kw>
<kw name="Click Element" library="SeleniumLibrary">
<arg>xpath://span[@class='Icon-module__root___DweoM css-lyj9ft Icon-module__root--size-small___nolwT']//*[name()='svg']</arg>
<doc>Click the element identified by ``locator``.</doc>
<msg timestamp="20230602 15:43:04.782" level="INFO">Clicking element 'xpath://span[@class='Icon-module__root___DweoM css-lyj9ft Icon-module__root--size-small___nolwT']//*[name()='svg']'.</msg>
<status status="PASS" starttime="20230602 15:43:04.772" endtime="20230602 15:43:05.039"/>
</kw>
<kw name="Input Text" library="SeleniumLibrary">
<arg>xpath://input[@placeholder='Airport or city']</arg>
<arg>BLR</arg>
<doc>Types the given ``text`` into the text field identified by ``locator``.</doc>
<msg timestamp="20230602 15:43:05.043" level="INFO">Typing text 'BLR' into text field 'xpath://input[@placeholder='Airport or city']'.</msg>
<status status="PASS" starttime="20230602 15:43:05.039" endtime="20230602 15:43:05.311"/>
</kw>
<kw name="Click Element" library="SeleniumLibrary">
<arg>xpath://li[1]//span[1]//span[1]</arg>
<doc>Click the element identified by ``locator``.</doc>
<msg timestamp="20230602 15:43:05.311" level="INFO">Clicking element 'xpath://li[1]//span[1]//span[1]'.</msg>
<status status="PASS" starttime="20230602 15:43:05.311" endtime="20230602 15:43:07.471"/>
</kw>
<kw name="Click Element" library="SeleniumLibrary">
<arg>xpath://span[@class='Icon-module__root___DweoM css-a2ri1o Icon-module__root--size-medium___NsiEM Icon-module__root--color-action___boiZs']//*[name()='svg']</arg>
<doc>Click the element identified by ``locator``.</doc>
<msg timestamp="20230602 15:43:07.475" level="INFO">Clicking element 'xpath://span[@class='Icon-module__root___DweoM css-a2ri1o Icon-module__root--size-medium___NsiEM Icon-module__root--color-action___boiZs']//*[name()='svg']'.</msg>
<status status="PASS" starttime="20230602 15:43:07.473" endtime="20230602 15:43:07.739"/>
</kw>
<kw name="Click Element" library="SeleniumLibrary">
<arg>xpath:(//button[@type='button'])[4]</arg>
<doc>Click the element identified by ``locator``.</doc>
<msg timestamp="20230602 15:43:07.746" level="INFO">Clicking element 'xpath:(//button[@type='button'])[4]'.</msg>
<status status="PASS" starttime="20230602 15:43:07.739" endtime="20230602 15:43:08.033"/>
</kw>
<kw name="Input Text" library="SeleniumLibrary">
<arg>xpath://input[@placeholder='Airport or city']</arg>
<arg>MAA</arg>
<doc>Types the given ``text`` into the text field identified by ``locator``.</doc>
<msg timestamp="20230602 15:43:08.035" level="INFO">Typing text 'MAA' into text field 'xpath://input[@placeholder='Airport or city']'.</msg>
<status status="PASS" starttime="20230602 15:43:08.035" endtime="20230602 15:43:08.221"/>
</kw>
<kw name="Click Element" library="SeleniumLibrary">
<arg>xpath://li[1]//span[1]//span[1]</arg>
<doc>Click the element identified by ``locator``.</doc>
<msg timestamp="20230602 15:43:08.221" level="INFO">Clicking element 'xpath://li[1]//span[1]//span[1]'.</msg>
<status status="PASS" starttime="20230602 15:43:08.221" endtime="20230602 15:43:11.107"/>
</kw>
<kw name="Click Element" library="SeleniumLibrary">
<arg>xpath://button[@placeholder='Choose departure date'][@aria-haspopup='true']</arg>
<doc>Click the element identified by ``locator``.</doc>
<msg timestamp="20230602 15:43:11.110" level="INFO">Clicking element 'xpath://button[@placeholder='Choose departure date'][@aria-haspopup='true']'.</msg>
<status status="PASS" starttime="20230602 15:43:11.109" endtime="20230602 15:43:11.281"/>
</kw>
<kw name="Click Element" library="SeleniumLibrary">
<arg>xpath://span[@aria-label='9 July 2023']</arg>
<doc>Click the element identified by ``locator``.</doc>
<msg timestamp="20230602 15:43:11.281" level="INFO">Clicking element 'xpath://span[@aria-label='9 July 2023']'.</msg>
<status status="PASS" starttime="20230602 15:43:11.281" endtime="20230602 15:43:11.552"/>
</kw>
<kw name="Sleep" library="BuiltIn">
<arg>3</arg>
<doc>Pauses the test executed for the given time.</doc>
<msg timestamp="20230602 15:43:14.552" level="INFO">Slept 3 seconds</msg>
<status status="PASS" starttime="20230602 15:43:11.552" endtime="20230602 15:43:14.554"/>
</kw>
<kw name="Click Element" library="SeleniumLibrary">
<arg>xpath://body[1]/div[1]/div[1]/div[1]/div[2]/div[1]/div[1]/div[1]/div[1]/div[1]/div[1]/div[2]/div[2]/div[1]/div[1]/button[1]</arg>
<doc>Click the element identified by ``locator``.</doc>
<msg timestamp="20230602 15:43:14.558" level="INFO">Clicking element 'xpath://body[1]/div[1]/div[1]/div[1]/div[2]/div[1]/div[1]/div[1]/div[1]/div[1]/div[1]/div[2]/div[2]/div[1]/div[1]/button[1]'.</msg>
<status status="PASS" starttime="20230602 15:43:14.554" endtime="20230602 15:43:34.545"/>
</kw>
<kw name="Sleep" library="BuiltIn">
<arg>2</arg>
<doc>Pauses the test executed for the given time.</doc>
<msg timestamp="20230602 15:43:36.549" level="INFO">Slept 2 seconds</msg>
<status status="PASS" starttime="20230602 15:43:34.545" endtime="20230602 15:43:36.549"/>
</kw>
<kw name="Execute Javascript" library="SeleniumLibrary">
<arg>window.scrollBy(0,1000)</arg>
<doc>Executes the given JavaScript code with possible arguments.</doc>
<msg timestamp="20230602 15:43:36.554" level="INFO">Executing JavaScript:
window.scrollBy(0,1000)
Without any arguments.</msg>
<status status="PASS" starttime="20230602 15:43:36.549" endtime="20230602 15:43:36.589"/>
</kw>
<kw name="Click Element" library="SeleniumLibrary">
<arg>xpath://label[@for='__bui-43']//span[@class='InputCheckbox-module__field___R4nYQ']</arg>
<doc>Click the element identified by ``locator``.</doc>
<msg timestamp="20230602 15:43:36.594" level="INFO">Clicking element 'xpath://label[@for='__bui-43']//span[@class='InputCheckbox-module__field___R4nYQ']'.</msg>
<status status="PASS" starttime="20230602 15:43:36.592" endtime="20230602 15:43:45.622"/>
</kw>
<kw name="Page Should Contain" library="SeleniumLibrary">
<arg>Air India</arg>
<doc>Verifies that current page contains ``text``.</doc>
<msg timestamp="20230602 15:43:46.163" level="INFO">Current page contains text 'Air India'.</msg>
<status status="PASS" starttime="20230602 15:43:45.622" endtime="20230602 15:43:46.163"/>
</kw>
<kw name="Close Browser" library="SeleniumLibrary">
<doc>Closes the current browser.</doc>
<status status="PASS" starttime="20230602 15:43:46.163" endtime="20230602 15:43:48.451"/>
</kw>
<status status="PASS" starttime="20230602 15:40:45.863" endtime="20230602 15:43:48.454"/>
</test>
<status status="PASS" starttime="20230602 15:40:45.311" endtime="20230602 15:43:48.454"/>
</suite>
<statistics>
<total>
<stat pass="1" fail="0" skip="0">All Tests</stat>
</total>
<tag>
</tag>
<suite>
<stat pass="1" fail="0" skip="0" id="s1" name="Project 4">Project 4</stat>
</suite>
</statistics>
<errors>
</errors>
</robot>
